INFO:     Started server process [33266]
INFO:     Waiting for application startup.
INFO:     Application startup complete.
INFO:     Uvicorn running on http://0.0.0.0:8000 (Press CTRL+C to quit)
INFO:     127.0.0.1:48954 - "GET /api/health HTTP/1.1" 200 OK
INFO:     1.202.120.32:0 - "PATCH /api/auth/me HTTP/1.0" 401 Unauthorized
2026-05-08 00:39:12,456 INFO sqlalchemy.engine.Engine select pg_catalog.version()
2026-05-08 00:39:12,456 INFO sqlalchemy.engine.Engine [raw sql] ()
2026-05-08 00:39:12,462 INFO sqlalchemy.engine.Engine select current_schema()
2026-05-08 00:39:12,462 INFO sqlalchemy.engine.Engine [raw sql] ()
2026-05-08 00:39:12,470 INFO sqlalchemy.engine.Engine show standard_conforming_strings
2026-05-08 00:39:12,470 INFO sqlalchemy.engine.Engine [raw sql] ()
2026-05-08 00:39:12,476 INFO sqlalchemy.engine.Engine BEGIN (implicit)
2026-05-08 00:39:12,484 INFO sqlalchemy.engine.Engine SELECT "user".email, "user".nickname, "user".avatar_url, "user".bio, "user".is_active, "user".is_verified, "user".role, "user".id, "user".hashed_password 
FROM "user" 
WHERE "user".email = $1::VARCHAR
2026-05-08 00:39:12,485 INFO sqlalchemy.engine.Engine [generated in 0.00055s] ('1945564086@qq.com',)
2026-05-08 00:39:12,497 INFO sqlalchemy.engine.Engine ROLLBACK
INFO:     1.202.120.32:0 - "POST /api/auth/login HTTP/1.0" 200 OK
2026-05-08 00:39:24,038 INFO sqlalchemy.engine.Engine BEGIN (implicit)
2026-05-08 00:39:24,041 INFO sqlalchemy.engine.Engine SELECT "user".email, "user".nickname, "user".avatar_url, "user".bio, "user".is_active, "user".is_verified, "user".role, "user".id, "user".hashed_password 
FROM "user" 
WHERE "user".id = $1::UUID
2026-05-08 00:39:24,041 INFO sqlalchemy.engine.Engine [generated in 0.00056s] (UUID('1b1770d0-4902-4c78-9781-76659d4a54e3'),)
2026-05-08 00:39:24,047 INFO sqlalchemy.engine.Engine ROLLBACK
2026-05-08 00:39:24,056 INFO sqlalchemy.engine.Engine BEGIN (implicit)
2026-05-08 00:39:24,057 INFO sqlalchemy.engine.Engine SELECT "user".email, "user".nickname, "user".avatar_url, "user".bio, "user".is_active, "user".is_verified, "user".role, "user".id, "user".hashed_password 
FROM "user" 
WHERE "user".id = $1::UUID
2026-05-08 00:39:24,057 INFO sqlalchemy.engine.Engine [cached since 0.01697s ago] (UUID('1b1770d0-4902-4c78-9781-76659d4a54e3'),)
2026-05-08 00:39:24,061 INFO sqlalchemy.engine.Engine ROLLBACK
2026-05-08 00:39:24,070 INFO sqlalchemy.engine.Engine BEGIN (implicit)
2026-05-08 00:39:24,075 INFO sqlalchemy.engine.Engine SELECT "user".email AS user_email, "user".nickname AS user_nickname, "user".avatar_url AS user_avatar_url, "user".bio AS user_bio, "user".is_active AS user_is_active, "user".is_verified AS user_is_verified, "user".role AS user_role, "user".id AS user_id, "user".hashed_password AS user_hashed_password 
FROM "user" 
WHERE "user".id = $1::UUID
2026-05-08 00:39:24,075 INFO sqlalchemy.engine.Engine [generated in 0.00049s] (UUID('1b1770d0-4902-4c78-9781-76659d4a54e3'),)
2026-05-08 00:39:24,089 INFO sqlalchemy.engine.Engine UPDATE "user" SET nickname=$1::VARCHAR, bio=$2::VARCHAR WHERE "user".id = $3::UUID
2026-05-08 00:39:24,089 INFO sqlalchemy.engine.Engine [generated in 0.00074s] ('苏棠文', '无～', UUID('1b1770d0-4902-4c78-9781-76659d4a54e3'))
2026-05-08 00:39:24,095 INFO sqlalchemy.engine.Engine COMMIT
2026-05-08 00:39:24,103 INFO sqlalchemy.engine.Engine BEGIN (implicit)
2026-05-08 00:39:24,106 INFO sqlalchemy.engine.Engine SELECT "user".email, "user".nickname, "user".avatar_url, "user".bio, "user".is_active, "user".is_verified, "user".role, "user".id, "user".hashed_password 
FROM "user" 
WHERE "user".id = $1::UUID
2026-05-08 00:39:24,107 INFO sqlalchemy.engine.Engine [generated in 0.00049s] (UUID('1b1770d0-4902-4c78-9781-76659d4a54e3'),)
2026-05-08 00:39:24,110 INFO sqlalchemy.engine.Engine ROLLBACK
INFO:     1.202.120.32:0 - "PATCH /api/auth/me HTTP/1.0" 200 OK
2026-05-08 01:10:56,526 INFO sqlalchemy.engine.Engine BEGIN (implicit)
2026-05-08 01:10:56,527 INFO sqlalchemy.engine.Engine SELECT "user".email, "user".nickname, "user".avatar_url, "user".bio, "user".is_active, "user".is_verified, "user".role, "user".id, "user".hashed_password 
FROM "user" 
WHERE "user".email = $1::VARCHAR
2026-05-08 01:10:56,527 INFO sqlalchemy.engine.Engine [cached since 1904s ago] ('1945564086@qq.com',)
2026-05-08 01:10:56,537 INFO sqlalchemy.engine.Engine ROLLBACK
INFO:     114.247.162.168:0 - "POST /api/auth/login HTTP/1.0" 401 Unauthorized
2026-05-08 01:11:08,428 INFO sqlalchemy.engine.Engine BEGIN (implicit)
2026-05-08 01:11:08,428 INFO sqlalchemy.engine.Engine SELECT "user".email, "user".nickname, "user".avatar_url, "user".bio, "user".is_active, "user".is_verified, "user".role, "user".id, "user".hashed_password 
FROM "user" 
WHERE "user".email = $1::VARCHAR
2026-05-08 01:11:08,428 INFO sqlalchemy.engine.Engine [cached since 1916s ago] ('1945564086@qq.com',)
2026-05-08 01:11:08,431 INFO sqlalchemy.engine.Engine ROLLBACK
INFO:     114.247.162.168:0 - "POST /api/auth/login HTTP/1.0" 200 OK
